{"/Users/emmanuelperotto/Documents/coding-hard/personal/ps/travel-route/src/services/ShortestPathCalculator/Dijkstra/index.ts": {"path":"/Users/emmanuelperotto/Documents/coding-hard/personal/ps/travel-route/src/services/ShortestPathCalculator/Dijkstra/index.ts","statementMap":{"0":{"start":{"line":1,"column":0},"end":{"line":1,"column":42}},"1":{"start":{"line":2,"column":0},"end":{"line":2,"column":78}},"2":{"start":{"line":3,"column":0},"end":{"line":3,"column":0}},"3":{"start":{"line":4,"column":0},"end":{"line":4,"column":67}},"4":{"start":{"line":5,"column":0},"end":{"line":5,"column":86}},"5":{"start":{"line":6,"column":0},"end":{"line":6,"column":93}},"6":{"start":{"line":7,"column":0},"end":{"line":7,"column":3}},"7":{"start":{"line":8,"column":0},"end":{"line":8,"column":1}}},"s":{"0":1,"1":1,"2":1,"3":1,"4":1,"5":6,"6":6,"7":1},"branchMap":{},"b":{},"fnMap":{"0":{"name":"Object.<anonymous>","decl":{"start":{"line":8,"column":1},"end":{"line":8,"column":1}},"loc":{"start":{"line":8,"column":1},"end":{"line":8,"column":1}},"line":8},"1":{"name":"shortestPath","decl":{"start":{"line":5,"column":2},"end":{"line":7,"column":3}},"loc":{"start":{"line":5,"column":2},"end":{"line":7,"column":3}},"line":5}},"f":{"0":1,"1":6}}
}
