TN:
SF:src/app.ts
FN:1,(empty-report)
FNF:1
FNH:0
FNDA:0,(empty-report)
DA:1,0
DA:2,0
DA:3,0
DA:4,0
DA:5,0
DA:6,0
DA:7,0
DA:8,0
DA:9,0
DA:10,0
LF:10
LH:0
BRDA:1,0,0,0
BRF:1
BRH:0
end_of_record
TN:
SF:src/index.ts
FN:1,(empty-report)
FNF:1
FNH:0
FNDA:0,(empty-report)
DA:1,0
DA:2,0
DA:3,0
DA:4,0
DA:5,0
DA:6,0
DA:7,0
LF:7
LH:0
BRDA:1,0,0,0
BRF:1
BRH:0
end_of_record
TN:
SF:src/controllers/shortestPathController/index.ts
FN:30,Object.<anonymous>
FN:30,_interopRequireDefault
FN:7,show
FNF:3
FNH:3
FNDA:1,Object.<anonymous>
FNDA:3,_interopRequireDefault
FNDA:6,show
DA:1,1
DA:2,1
DA:3,1
DA:4,1
DA:5,1
DA:6,1
DA:7,1
DA:8,6
DA:9,6
DA:10,6
DA:11,4
DA:12,4
DA:13,4
DA:14,4
DA:15,4
DA:16,4
DA:17,4
DA:18,2
DA:19,2
DA:20,2
DA:21,2
DA:22,4
DA:23,4
DA:24,4
DA:25,4
DA:26,4
DA:27,6
DA:28,2
DA:29,2
DA:30,6
LF:30
LH:30
BRDA:30,0,0,1
BRDA:30,1,0,1
BRDA:5,2,0,0
BRDA:30,3,0,3
BRDA:30,4,0,0
BRDA:7,5,0,6
BRDA:10,6,0,4
BRDA:10,7,0,4
BRDA:17,8,0,2
BRDA:18,9,0,2
BRDA:27,10,0,2
BRF:11
BRH:9
end_of_record
TN:
SF:src/factories/graphFactory/index.ts
FN:22,Object.<anonymous>
FN:22,_interopRequireDefault
FN:5,graphFactory
FNF:3
FNH:3
FNDA:1,Object.<anonymous>
FNDA:2,_interopRequireDefault
FNDA:4,graphFactory
DA:1,1
DA:2,1
DA:3,1
DA:4,1
DA:5,4
DA:6,4
DA:7,4
DA:8,4
DA:9,4
DA:10,4
DA:11,4
DA:12,4
DA:13,16
DA:14,16
DA:15,16
DA:16,4
DA:17,4
DA:18,4
DA:19,4
DA:20,4
DA:21,1
DA:22,1
LF:22
LH:22
BRDA:22,0,0,1
BRDA:22,1,0,1
BRDA:22,2,0,2
BRDA:22,3,0,1
BRDA:22,4,0,1
BRDA:5,5,0,4
BRDA:8,6,0,4
BRDA:9,7,0,4
BRDA:12,8,0,16
BRF:9
BRH:9
end_of_record
TN:
SF:src/lib/travelRouteCLI/index.ts
FN:1,(empty-report)
FNF:1
FNH:0
FNDA:0,(empty-report)
DA:1,0
DA:2,0
DA:3,0
DA:4,0
DA:5,0
DA:6,0
DA:7,0
DA:8,0
DA:9,0
DA:10,0
DA:11,0
DA:12,0
DA:13,0
DA:14,0
DA:15,0
DA:16,0
DA:17,0
DA:18,0
DA:19,0
DA:20,0
DA:21,0
DA:22,0
DA:23,0
DA:24,0
DA:25,0
DA:26,0
DA:27,0
DA:28,0
DA:29,0
DA:30,0
DA:31,0
LF:31
LH:0
BRDA:1,0,0,0
BRF:1
BRH:0
end_of_record
TN:
SF:src/services/CSVReader/index.ts
FN:61,Object.<anonymous>
FN:17,CSVReader
FN:22,parse
FN:37,addEdge
FN:50,get result
FN:54,set result
FN:58,get filePath
FNF:7
FNH:7
FNDA:2,Object.<anonymous>
FNDA:6,CSVReader
FNDA:6,parse
FNDA:42,addEdge
FNDA:90,get result
FNDA:42,set result
FNDA:6,get filePath
DA:1,1
DA:2,1
DA:3,1
DA:4,1
DA:5,1
DA:6,1
DA:7,1
DA:8,1
DA:9,1
DA:10,1
DA:11,1
DA:12,1
DA:13,1
DA:14,1
DA:15,1
DA:16,1
DA:17,1
DA:18,6
DA:19,6
DA:20,6
DA:21,1
DA:22,1
DA:23,6
DA:24,6
DA:25,6
DA:26,6
DA:27,6
DA:28,6
DA:29,42
DA:30,42
DA:31,6
DA:32,6
DA:33,6
DA:34,6
DA:35,6
DA:36,1
DA:37,1
DA:38,42
DA:39,42
DA:40,42
DA:41,42
DA:42,42
DA:43,42
DA:44,42
DA:45,42
DA:46,42
DA:47,42
DA:48,1
DA:49,1
DA:50,1
DA:51,90
DA:52,90
DA:53,1
DA:54,1
DA:55,42
DA:56,42
DA:57,1
DA:58,1
DA:59,6
DA:60,6
DA:61,1
LF:61
LH:61
BRDA:61,0,0,2
BRDA:61,1,0,2
BRDA:17,2,0,6
BRDA:22,3,0,6
BRDA:24,4,0,6
BRDA:28,5,0,42
BRDA:31,6,0,6
BRDA:37,7,0,42
BRDA:50,8,0,90
BRDA:54,9,0,42
BRDA:58,10,0,6
BRF:11
BRH:11
end_of_record
TN:
SF:src/services/ShortestPathCalculator/index.ts
FN:31,Object.<anonymous>
FN:9,ShortestPathCalculator
FN:15,calculate
FN:20,get graph
FN:24,get sourceNode
FN:28,get targetNode
FNF:6
FNH:6
FNDA:2,Object.<anonymous>
FNDA:5,ShortestPathCalculator
FNDA:5,calculate
FNDA:5,get graph
FNDA:5,get sourceNode
FNDA:5,get targetNode
DA:1,1
DA:2,1
DA:3,1
DA:4,1
DA:5,1
DA:6,1
DA:7,1
DA:8,1
DA:9,1
DA:10,5
DA:11,5
DA:12,5
DA:13,5
DA:14,1
DA:15,1
DA:16,5
DA:17,5
DA:18,1
DA:19,1
DA:20,1
DA:21,5
DA:22,5
DA:23,1
DA:24,1
DA:25,5
DA:26,5
DA:27,1
DA:28,1
DA:29,5
DA:30,5
DA:31,1
LF:31
LH:31
BRDA:31,0,0,2
BRDA:31,1,0,2
BRDA:9,2,0,5
BRDA:15,3,0,5
BRDA:20,4,0,5
BRDA:24,5,0,5
BRDA:28,6,0,5
BRF:7
BRH:7
end_of_record
TN:
SF:src/services/ShortestPathCalculator/interfaces.ts
FN:1,(empty-report)
FNF:1
FNH:0
FNDA:0,(empty-report)
DA:1,0
DA:2,0
DA:3,0
DA:4,0
DA:5,0
DA:6,0
DA:7,0
DA:8,0
DA:9,0
DA:10,0
LF:10
LH:0
BRDA:1,0,0,0
BRF:1
BRH:0
end_of_record
TN:
SF:src/services/ShortestPathCalculator/Dijkstra/index.ts
FN:8,Object.<anonymous>
FN:5,shortestPath
FNF:2
FNH:2
FNDA:2,Object.<anonymous>
FNDA:10,shortestPath
DA:1,1
DA:2,1
DA:3,1
DA:4,1
DA:5,1
DA:6,10
DA:7,10
DA:8,1
LF:8
LH:8
BRDA:8,0,0,2
BRDA:8,1,0,2
BRDA:5,2,0,10
BRF:3
BRH:3
end_of_record
